# JRE version: OpenJDK Runtime Environment Temurin-17.0.6+10 (17.0.6+10) (build 17.0.6+10)
# Java VM: OpenJDK 64-Bit Server VM Temurin-17.0.6+10 (17.0.6+10, mixed mode, tiered, compressed oops, compressed class ptrs, g1 gc, windows-amd64)
GC Precious Log:
 CPUs: 8 total, 8 available
 Memory: 7068M
 Large Page Support: Disabled
 NUMA Support: Disabled
 Compressed Oops: Enabled (32-bit)
 Heap Region Size: 1M
 Heap Min Capacity: 8M
 Heap Initial Capacity: 112M
 Heap Max Capacity: 1768M
 Pre-touch: Disabled
 Parallel Workers: 8
 Concurrent Workers: 2
 Concurrent Refinement Workers: 8
 Periodic GC: Disabled
Heap:
 garbage-first heap   total 378880K, used 264672K [0x0000000091800000, 0x0000000100000000)
  region size 1024K, 8 young (8192K), 7 survivors (7168K)
 Metaspace       used 18197K, committed 18496K, reserved 1064960K
  class space    used 2033K, committed 2176K, reserved 1048576K
GC Heap History (20 events):
Event: 138.315 GC heap before
{Heap before GC invocations=20 (full 0):
 garbage-first heap   total 203776K, used 132588K [0x0000000091800000, 0x0000000100000000)
  region size 1024K, 16 young (16384K), 3 survivors (3072K)
 Metaspace       used 18197K, committed 18496K, reserved 1064960K
  class space    used 2033K, committed 2176K, reserved 1048576K
}
Event: 138.318 GC heap after
{Heap after GC invocations=21 (full 0):
 garbage-first heap   total 203776K, used 127389K [0x0000000091800000, 0x0000000100000000)
  region size 1024K, 2 young (2048K), 2 survivors (2048K)
 Metaspace       used 18197K, committed 18496K, reserved 1064960K
  class space    used 2033K, committed 2176K, reserved 1048576K
}
Event: 145.425 GC heap before
{Heap before GC invocations=21 (full 0):
 garbage-first heap   total 203776K, used 150941K [0x0000000091800000, 0x0000000100000000)
  region size 1024K, 26 young (26624K), 2 survivors (2048K)
 Metaspace       used 18197K, committed 18496K, reserved 1064960K
  class space    used 2033K, committed 2176K, reserved 1048576K
}
Event: 145.430 GC heap after
{Heap after GC invocations=22 (full 0):
 garbage-first heap   total 203776K, used 140532K [0x0000000091800000, 0x0000000100000000)
  region size 1024K, 4 young (4096K), 4 survivors (4096K)
 Metaspace       used 18197K, committed 18496K, reserved 1064960K
  class space    used 2033K, committed 2176K, reserved 1048576K
}
Event: 149.901 GC heap before
{Heap before GC invocations=23 (full 0):
 garbage-first heap   total 239616K, used 155892K [0x0000000091800000, 0x0000000100000000)
  region size 1024K, 20 young (20480K), 4 survivors (4096K)
 Metaspace       used 18197K, committed 18496K, reserved 1064960K
  class space    used 2033K, committed 2176K, reserved 1048576K
}
Event: 149.906 GC heap after
{Heap after GC invocations=24 (full 0):
 garbage-first heap   total 239616K, used 149299K [0x0000000091800000, 0x0000000100000000)
  region size 1024K, 3 young (3072K), 3 survivors (3072K)
 Metaspace       used 18197K, committed 18496K, reserved 1064960K
  class space    used 2033K, committed 2176K, reserved 1048576K
}
Event: 157.771 GC heap before
{Heap before GC invocations=24 (full 0):
 garbage-first heap   total 239616K, used 176947K [0x0000000091800000, 0x0000000100000000)
  region size 1024K, 31 young (31744K), 3 survivors (3072K)
 Metaspace       used 18197K, committed 18496K, reserved 1064960K
  class space    used 2033K, committed 2176K, reserved 1048576K
}
Event: 157.777 GC heap after
{Heap after GC invocations=25 (full 0):
 garbage-first heap   total 239616K, used 164655K [0x0000000091800000, 0x0000000100000000)
  region size 1024K, 4 young (4096K), 4 survivors (4096K)
 Metaspace       used 18197K, committed 18496K, reserved 1064960K
  class space    used 2033K, committed 2176K, reserved 1048576K
}
Event: 163.435 GC heap before
{Heap before GC invocations=26 (full 0):
 garbage-first heap   total 276480K, used 185135K [0x0000000091800000, 0x0000000100000000)
  region size 1024K, 25 young (25600K), 4 survivors (4096K)
 Metaspace       used 18197K, committed 18496K, reserved 1064960K
  class space    used 2033K, committed 2176K, reserved 1048576K
}
Event: 163.441 GC heap after
{Heap after GC invocations=27 (full 0):
 garbage-first heap   total 276480K, used 176152K [0x0000000091800000, 0x0000000100000000)
  region size 1024K, 4 young (4096K), 4 survivors (4096K)
 Metaspace       used 18197K, committed 18496K, reserved 1064960K
  class space    used 2033K, committed 2176K, reserved 1048576K
}
Event: 172.429 GC heap before
{Heap before GC invocations=27 (full 0):
 garbage-first heap   total 276480K, used 206872K [0x0000000091800000, 0x0000000100000000)
  region size 1024K, 35 young (35840K), 4 survivors (4096K)
 Metaspace       used 18197K, committed 18496K, reserved 1064960K
  class space    used 2033K, committed 2176K, reserved 1048576K
}
Event: 172.434 GC heap after
{Heap after GC invocations=28 (full 0):
 garbage-first heap   total 276480K, used 192993K [0x0000000091800000, 0x0000000100000000)
  region size 1024K, 5 young (5120K), 5 survivors (5120K)
 Metaspace       used 18197K, committed 18496K, reserved 1064960K
  class space    used 2033K, committed 2176K, reserved 1048576K
}
Event: 178.057 GC heap before
{Heap before GC invocations=29 (full 0):
 garbage-first heap   total 326656K, used 213473K [0x0000000091800000, 0x0000000100000000)
  region size 1024K, 26 young (26624K), 5 survivors (5120K)
 Metaspace       used 18197K, committed 18496K, reserved 1064960K
  class space    used 2033K, committed 2176K, reserved 1048576K
}
Event: 178.063 GC heap after
{Heap after GC invocations=30 (full 0):
 garbage-first heap   total 326656K, used 204552K [0x0000000091800000, 0x0000000100000000)
  region size 1024K, 4 young (4096K), 4 survivors (4096K)
 Metaspace       used 18197K, committed 18496K, reserved 1064960K
  class space    used 2033K, committed 2176K, reserved 1048576K
}
Event: 188.933 GC heap before
{Heap before GC invocations=30 (full 0):
 garbage-first heap   total 326656K, used 243464K [0x0000000091800000, 0x0000000100000000)
  region size 1024K, 43 young (44032K), 4 survivors (4096K)
 Metaspace       used 18197K, committed 18496K, reserved 1064960K
  class space    used 2033K, committed 2176K, reserved 1048576K
}
Event: 188.941 GC heap after
{Heap after GC invocations=31 (full 0):
 garbage-first heap   total 326656K, used 225862K [0x0000000091800000, 0x0000000100000000)
  region size 1024K, 6 young (6144K), 6 survivors (6144K)
 Metaspace       used 18197K, committed 18496K, reserved 1064960K
  class space    used 2033K, committed 2176K, reserved 1048576K
}
Event: 196.399 GC heap before
{Heap before GC invocations=32 (full 0):
 garbage-first heap   total 378880K, used 252486K [0x0000000091800000, 0x0000000100000000)
  region size 1024K, 33 young (33792K), 6 survivors (6144K)
 Metaspace       used 18197K, committed 18496K, reserved 1064960K
  class space    used 2033K, committed 2176K, reserved 1048576K
}
Event: 196.409 GC heap after
{Heap after GC invocations=33 (full 0):
 garbage-first heap   total 378880K, used 240637K [0x0000000091800000, 0x0000000100000000)
  region size 1024K, 5 young (5120K), 5 survivors (5120K)
 Metaspace       used 18197K, committed 18496K, reserved 1064960K
  class space    used 2033K, committed 2176K, reserved 1048576K
}
Event: 208.072 GC heap before
{Heap before GC invocations=33 (full 0):
 garbage-first heap   total 378880K, used 284669K [0x0000000091800000, 0x0000000100000000)
  region size 1024K, 49 young (50176K), 5 survivors (5120K)
 Metaspace       used 18197K, committed 18496K, reserved 1064960K
  class space    used 2033K, committed 2176K, reserved 1048576K
}
Event: 208.080 GC heap after
{Heap after GC invocations=34 (full 0):
 garbage-first heap   total 378880K, used 264672K [0x0000000091800000, 0x0000000100000000)
  region size 1024K, 7 young (7168K), 7 survivors (7168K)
 Metaspace       used 18197K, committed 18496K, reserved 1064960K
  class space    used 2033K, committed 2176K, reserved 1048576K
}

