# JRE version: OpenJDK Runtime Environment Temurin-17.0.6+10 (17.0.6+10) (build 17.0.6+10)
# Java VM: OpenJDK 64-Bit Server VM Temurin-17.0.6+10 (17.0.6+10, mixed mode, tiered, compressed oops, compressed class ptrs, g1 gc, windows-amd64)
GC Precious Log:
 CPUs: 8 total, 8 available
 Memory: 7068M
 Large Page Support: Disabled
 NUMA Support: Disabled
 Compressed Oops: Enabled (32-bit)
 Heap Region Size: 1M
 Heap Min Capacity: 8M
 Heap Initial Capacity: 112M
 Heap Max Capacity: 1768M
 Pre-touch: Disabled
 Parallel Workers: 8
 Concurrent Workers: 2
 Concurrent Refinement Workers: 8
 Periodic GC: Disabled
Heap:
 garbage-first heap   total 114688K, used 39356K [0x0000000091800000, 0x0000000100000000)
  region size 1024K, 29 young (29696K), 3 survivors (3072K)
 Metaspace       used 18258K, committed 18496K, reserved 1064960K
  class space    used 2040K, committed 2176K, reserved 1048576K
GC Heap History (20 events):
Event: 83.035 GC heap before
{Heap before GC invocations=6 (full 0):
 garbage-first heap   total 114688K, used 79006K [0x0000000091800000, 0x0000000100000000)
  region size 1024K, 67 young (68608K), 3 survivors (3072K)
 Metaspace       used 18252K, committed 18496K, reserved 1064960K
  class space    used 2039K, committed 2176K, reserved 1048576K
}
Event: 83.038 GC heap after
{Heap after GC invocations=7 (full 0):
 garbage-first heap   total 114688K, used 13556K [0x0000000091800000, 0x0000000100000000)
  region size 1024K, 3 young (3072K), 3 survivors (3072K)
 Metaspace       used 18252K, committed 18496K, reserved 1064960K
  class space    used 2039K, committed 2176K, reserved 1048576K
}
Event: 100.285 GC heap before
{Heap before GC invocations=7 (full 0):
 garbage-first heap   total 114688K, used 79092K [0x0000000091800000, 0x0000000100000000)
  region size 1024K, 67 young (68608K), 3 survivors (3072K)
 Metaspace       used 18258K, committed 18496K, reserved 1064960K
  class space    used 2040K, committed 2176K, reserved 1048576K
}
Event: 100.288 GC heap after
{Heap after GC invocations=8 (full 0):
 garbage-first heap   total 114688K, used 13834K [0x0000000091800000, 0x0000000100000000)
  region size 1024K, 3 young (3072K), 3 survivors (3072K)
 Metaspace       used 18258K, committed 18496K, reserved 1064960K
  class space    used 2040K, committed 2176K, reserved 1048576K
}
Event: 117.929 GC heap before
{Heap before GC invocations=8 (full 0):
 garbage-first heap   total 114688K, used 79370K [0x0000000091800000, 0x0000000100000000)
  region size 1024K, 67 young (68608K), 3 survivors (3072K)
 Metaspace       used 18258K, committed 18496K, reserved 1064960K
  class space    used 2040K, committed 2176K, reserved 1048576K
}
Event: 117.932 GC heap after
{Heap after GC invocations=9 (full 0):
 garbage-first heap   total 114688K, used 13610K [0x0000000091800000, 0x0000000100000000)
  region size 1024K, 3 young (3072K), 3 survivors (3072K)
 Metaspace       used 18258K, committed 18496K, reserved 1064960K
  class space    used 2040K, committed 2176K, reserved 1048576K
}
Event: 135.549 GC heap before
{Heap before GC invocations=9 (full 0):
 garbage-first heap   total 114688K, used 79146K [0x0000000091800000, 0x0000000100000000)
  region size 1024K, 67 young (68608K), 3 survivors (3072K)
 Metaspace       used 18258K, committed 18496K, reserved 1064960K
  class space    used 2040K, committed 2176K, reserved 1048576K
}
Event: 135.553 GC heap after
{Heap after GC invocations=10 (full 0):
 garbage-first heap   total 114688K, used 13798K [0x0000000091800000, 0x0000000100000000)
  region size 1024K, 3 young (3072K), 3 survivors (3072K)
 Metaspace       used 18258K, committed 18496K, reserved 1064960K
  class space    used 2040K, committed 2176K, reserved 1048576K
}
Event: 152.421 GC heap before
{Heap before GC invocations=10 (full 0):
 garbage-first heap   total 114688K, used 79334K [0x0000000091800000, 0x0000000100000000)
  region size 1024K, 67 young (68608K), 3 survivors (3072K)
 Metaspace       used 18258K, committed 18496K, reserved 1064960K
  class space    used 2040K, committed 2176K, reserved 1048576K
}
Event: 152.424 GC heap after
{Heap after GC invocations=11 (full 0):
 garbage-first heap   total 114688K, used 13694K [0x0000000091800000, 0x0000000100000000)
  region size 1024K, 3 young (3072K), 3 survivors (3072K)
 Metaspace       used 18258K, committed 18496K, reserved 1064960K
  class space    used 2040K, committed 2176K, reserved 1048576K
}
Event: 169.435 GC heap before
{Heap before GC invocations=11 (full 0):
 garbage-first heap   total 114688K, used 79230K [0x0000000091800000, 0x0000000100000000)
  region size 1024K, 67 young (68608K), 3 survivors (3072K)
 Metaspace       used 18258K, committed 18496K, reserved 1064960K
  class space    used 2040K, committed 2176K, reserved 1048576K
}
Event: 169.439 GC heap after
{Heap after GC invocations=12 (full 0):
 garbage-first heap   total 114688K, used 13112K [0x0000000091800000, 0x0000000100000000)
  region size 1024K, 2 young (2048K), 2 survivors (2048K)
 Metaspace       used 18258K, committed 18496K, reserved 1064960K
  class space    used 2040K, committed 2176K, reserved 1048576K
}
Event: 186.552 GC heap before
{Heap before GC invocations=12 (full 0):
 garbage-first heap   total 114688K, used 79672K [0x0000000091800000, 0x0000000100000000)
  region size 1024K, 67 young (68608K), 2 survivors (2048K)
 Metaspace       used 18258K, committed 18496K, reserved 1064960K
  class space    used 2040K, committed 2176K, reserved 1048576K
}
Event: 186.556 GC heap after
{Heap after GC invocations=13 (full 0):
 garbage-first heap   total 114688K, used 13385K [0x0000000091800000, 0x0000000100000000)
  region size 1024K, 3 young (3072K), 3 survivors (3072K)
 Metaspace       used 18258K, committed 18496K, reserved 1064960K
  class space    used 2040K, committed 2176K, reserved 1048576K
}
Event: 203.684 GC heap before
{Heap before GC invocations=13 (full 0):
 garbage-first heap   total 114688K, used 78921K [0x0000000091800000, 0x0000000100000000)
  region size 1024K, 67 young (68608K), 3 survivors (3072K)
 Metaspace       used 18258K, committed 18496K, reserved 1064960K
  class space    used 2040K, committed 2176K, reserved 1048576K
}
Event: 203.687 GC heap after
{Heap after GC invocations=14 (full 0):
 garbage-first heap   total 114688K, used 13144K [0x0000000091800000, 0x0000000100000000)
  region size 1024K, 2 young (2048K), 2 survivors (2048K)
 Metaspace       used 18258K, committed 18496K, reserved 1064960K
  class space    used 2040K, committed 2176K, reserved 1048576K
}
Event: 221.034 GC heap before
{Heap before GC invocations=14 (full 0):
 garbage-first heap   total 114688K, used 79704K [0x0000000091800000, 0x0000000100000000)
  region size 1024K, 67 young (68608K), 2 survivors (2048K)
 Metaspace       used 18258K, committed 18496K, reserved 1064960K
  class space    used 2040K, committed 2176K, reserved 1048576K
}
Event: 221.037 GC heap after
{Heap after GC invocations=15 (full 0):
 garbage-first heap   total 114688K, used 13534K [0x0000000091800000, 0x0000000100000000)
  region size 1024K, 3 young (3072K), 3 survivors (3072K)
 Metaspace       used 18258K, committed 18496K, reserved 1064960K
  class space    used 2040K, committed 2176K, reserved 1048576K
}
Event: 238.659 GC heap before
{Heap before GC invocations=15 (full 0):
 garbage-first heap   total 114688K, used 79070K [0x0000000091800000, 0x0000000100000000)
  region size 1024K, 67 young (68608K), 3 survivors (3072K)
 Metaspace       used 18258K, committed 18496K, reserved 1064960K
  class space    used 2040K, committed 2176K, reserved 1048576K
}
Event: 238.662 GC heap after
{Heap after GC invocations=16 (full 0):
 garbage-first heap   total 114688K, used 13756K [0x0000000091800000, 0x0000000100000000)
  region size 1024K, 3 young (3072K), 3 survivors (3072K)
 Metaspace       used 18258K, committed 18496K, reserved 1064960K
  class space    used 2040K, committed 2176K, reserved 1048576K
}

